mode: set
github.com/yourusername/poker-hand-evaluator/poker/card.go:16.31,18.2 1 1
github.com/yourusername/poker-hand-evaluator/poker/card.go:40.31,42.2 1 1
github.com/yourusername/poker-hand-evaluator/poker/card.go:51.39,52.17 1 1
github.com/yourusername/poker-hand-evaluator/poker/card.go:52.17,54.3 1 0
github.com/yourusername/poker-hand-evaluator/poker/card.go:56.2,57.14 2 1
github.com/yourusername/poker-hand-evaluator/poker/card.go:58.11,59.16 1 1
github.com/yourusername/poker-hand-evaluator/poker/card.go:60.11,61.18 1 1
github.com/yourusername/poker-hand-evaluator/poker/card.go:62.11,63.15 1 1
github.com/yourusername/poker-hand-evaluator/poker/card.go:64.11,65.16 1 1
github.com/yourusername/poker-hand-evaluator/poker/card.go:66.10,67.55 1 1
github.com/yourusername/poker-hand-evaluator/poker/card.go:70.2,71.14 2 1
github.com/yourusername/poker-hand-evaluator/poker/card.go:72.11,73.13 1 1
github.com/yourusername/poker-hand-evaluator/poker/card.go:74.11,75.15 1 1
github.com/yourusername/poker-hand-evaluator/poker/card.go:76.11,77.14 1 1
github.com/yourusername/poker-hand-evaluator/poker/card.go:78.11,79.14 1 1
github.com/yourusername/poker-hand-evaluator/poker/card.go:80.11,81.13 1 1
github.com/yourusername/poker-hand-evaluator/poker/card.go:82.11,83.15 1 1
github.com/yourusername/poker-hand-evaluator/poker/card.go:84.11,85.15 1 1
github.com/yourusername/poker-hand-evaluator/poker/card.go:86.11,87.14 1 1
github.com/yourusername/poker-hand-evaluator/poker/card.go:88.11,89.13 1 1
github.com/yourusername/poker-hand-evaluator/poker/card.go:90.11,91.14 1 1
github.com/yourusername/poker-hand-evaluator/poker/card.go:92.11,93.15 1 1
github.com/yourusername/poker-hand-evaluator/poker/card.go:94.11,95.14 1 1
github.com/yourusername/poker-hand-evaluator/poker/card.go:96.11,97.13 1 1
github.com/yourusername/poker-hand-evaluator/poker/card.go:98.10,99.55 1 0
github.com/yourusername/poker-hand-evaluator/poker/card.go:102.2,102.43 1 1
github.com/yourusername/poker-hand-evaluator/poker/card.go:106.32,108.2 1 1
github.com/yourusername/poker-hand-evaluator/poker/hand.go:26.35,39.2 1 1
github.com/yourusername/poker-hand-evaluator/poker/hand.go:47.39,49.38 2 1
github.com/yourusername/poker-hand-evaluator/poker/hand.go:49.38,51.3 1 1
github.com/yourusername/poker-hand-evaluator/poker/hand.go:53.2,56.29 3 1
github.com/yourusername/poker-hand-evaluator/poker/hand.go:56.29,58.17 2 1
github.com/yourusername/poker-hand-evaluator/poker/hand.go:58.17,60.4 1 1
github.com/yourusername/poker-hand-evaluator/poker/hand.go:62.3,63.16 2 1
github.com/yourusername/poker-hand-evaluator/poker/hand.go:63.16,65.4 1 1
github.com/yourusername/poker-hand-evaluator/poker/hand.go:66.3,68.40 2 1
github.com/yourusername/poker-hand-evaluator/poker/hand.go:71.2,71.18 1 1
github.com/yourusername/poker-hand-evaluator/poker/hand.go:75.45,76.23 1 1
github.com/yourusername/poker-hand-evaluator/poker/hand.go:76.23,78.3 1 1
github.com/yourusername/poker-hand-evaluator/poker/hand.go:79.2,79.23 1 1
github.com/yourusername/poker-hand-evaluator/poker/hand.go:79.23,81.3 1 1
github.com/yourusername/poker-hand-evaluator/poker/hand.go:82.2,82.22 1 0
github.com/yourusername/poker-hand-evaluator/poker/hand.go:86.49,88.31 2 1
github.com/yourusername/poker-hand-evaluator/poker/hand.go:88.31,90.3 1 1
github.com/yourusername/poker-hand-evaluator/poker/hand.go:91.2,91.40 1 1
github.com/yourusername/poker-hand-evaluator/poker/hand.go:91.40,91.70 1 1
github.com/yourusername/poker-hand-evaluator/poker/hand.go:93.2,96.27 3 1
github.com/yourusername/poker-hand-evaluator/poker/hand.go:96.27,97.30 1 1
github.com/yourusername/poker-hand-evaluator/poker/hand.go:97.30,99.4 1 1
github.com/yourusername/poker-hand-evaluator/poker/hand.go:100.3,100.49 1 1
github.com/yourusername/poker-hand-evaluator/poker/hand.go:103.2,105.35 3 1
github.com/yourusername/poker-hand-evaluator/poker/hand.go:105.35,107.3 1 1
github.com/yourusername/poker-hand-evaluator/poker/hand.go:108.2,108.41 1 1
github.com/yourusername/poker-hand-evaluator/poker/hand.go:108.41,108.73 1 1
github.com/yourusername/poker-hand-evaluator/poker/hand.go:110.2,110.20 1 1
github.com/yourusername/poker-hand-evaluator/poker/hand.go:110.20,112.3 1 1
github.com/yourusername/poker-hand-evaluator/poker/hand.go:114.2,114.38 1 1
github.com/yourusername/poker-hand-evaluator/poker/hand.go:114.38,116.3 1 1
github.com/yourusername/poker-hand-evaluator/poker/hand.go:118.2,118.13 1 1
github.com/yourusername/poker-hand-evaluator/poker/hand.go:118.13,120.3 1 1
github.com/yourusername/poker-hand-evaluator/poker/hand.go:122.2,122.16 1 1
github.com/yourusername/poker-hand-evaluator/poker/hand.go:122.16,124.3 1 1
github.com/yourusername/poker-hand-evaluator/poker/hand.go:126.2,126.20 1 1
github.com/yourusername/poker-hand-evaluator/poker/hand.go:126.20,128.3 1 1
github.com/yourusername/poker-hand-evaluator/poker/hand.go:130.2,130.38 1 1
github.com/yourusername/poker-hand-evaluator/poker/hand.go:130.38,132.3 1 1
github.com/yourusername/poker-hand-evaluator/poker/hand.go:134.2,134.20 1 1
github.com/yourusername/poker-hand-evaluator/poker/hand.go:134.20,136.3 1 1
github.com/yourusername/poker-hand-evaluator/poker/hand.go:138.2,138.24 1 1
github.com/yourusername/poker-hand-evaluator/poker/hand.go:142.49,143.23 1 1
github.com/yourusername/poker-hand-evaluator/poker/hand.go:143.23,145.3 1 0
github.com/yourusername/poker-hand-evaluator/poker/hand.go:147.2,152.25 4 1
github.com/yourusername/poker-hand-evaluator/poker/hand.go:152.25,154.3 1 1
github.com/yourusername/poker-hand-evaluator/poker/hand.go:156.2,156.6 1 1
github.com/yourusername/poker-hand-evaluator/poker/hand.go:156.6,158.31 2 1
github.com/yourusername/poker-hand-evaluator/poker/hand.go:158.31,160.4 1 1
github.com/yourusername/poker-hand-evaluator/poker/hand.go:162.3,163.84 2 1
github.com/yourusername/poker-hand-evaluator/poker/hand.go:163.84,166.4 2 1
github.com/yourusername/poker-hand-evaluator/poker/hand.go:168.3,168.35 1 1
github.com/yourusername/poker-hand-evaluator/poker/hand.go:168.35,169.9 1 1
github.com/yourusername/poker-hand-evaluator/poker/hand.go:173.2,173.29 1 1
github.com/yourusername/poker-hand-evaluator/poker/hand.go:177.31,178.23 1 1
github.com/yourusername/poker-hand-evaluator/poker/hand.go:178.23,180.3 1 0
github.com/yourusername/poker-hand-evaluator/poker/hand.go:181.2,182.35 2 1
github.com/yourusername/poker-hand-evaluator/poker/hand.go:182.35,183.24 1 1
github.com/yourusername/poker-hand-evaluator/poker/hand.go:183.24,185.4 1 1
github.com/yourusername/poker-hand-evaluator/poker/hand.go:187.2,187.13 1 1
github.com/yourusername/poker-hand-evaluator/poker/hand.go:191.42,192.23 1 1
github.com/yourusername/poker-hand-evaluator/poker/hand.go:192.23,194.3 1 0
github.com/yourusername/poker-hand-evaluator/poker/hand.go:196.2,197.31 2 1
github.com/yourusername/poker-hand-evaluator/poker/hand.go:197.31,199.3 1 1
github.com/yourusername/poker-hand-evaluator/poker/hand.go:200.2,200.40 1 1
github.com/yourusername/poker-hand-evaluator/poker/hand.go:200.40,200.70 1 1
github.com/yourusername/poker-hand-evaluator/poker/hand.go:203.2,203.34 1 1
github.com/yourusername/poker-hand-evaluator/poker/hand.go:203.34,204.31 1 1
github.com/yourusername/poker-hand-evaluator/poker/hand.go:204.31,207.61 1 1
github.com/yourusername/poker-hand-evaluator/poker/hand.go:207.61,209.5 1 1
github.com/yourusername/poker-hand-evaluator/poker/hand.go:210.4,210.19 1 1
github.com/yourusername/poker-hand-evaluator/poker/hand.go:214.2,214.23 1 1
github.com/yourusername/poker-hand-evaluator/poker/hand.go:218.45,220.31 2 1
github.com/yourusername/poker-hand-evaluator/poker/hand.go:220.31,222.3 1 1
github.com/yourusername/poker-hand-evaluator/poker/hand.go:223.2,223.15 1 1
github.com/yourusername/poker-hand-evaluator/poker/hand.go:227.80,230.38 2 1
github.com/yourusername/poker-hand-evaluator/poker/hand.go:230.38,231.40 1 1
github.com/yourusername/poker-hand-evaluator/poker/hand.go:231.40,232.34 1 1
github.com/yourusername/poker-hand-evaluator/poker/hand.go:232.34,234.5 1 1
github.com/yourusername/poker-hand-evaluator/poker/hand.go:239.2,239.39 1 1
github.com/yourusername/poker-hand-evaluator/poker/hand.go:239.39,240.54 1 1
github.com/yourusername/poker-hand-evaluator/poker/hand.go:240.54,241.42 1 1
github.com/yourusername/poker-hand-evaluator/poker/hand.go:241.42,243.5 1 1
github.com/yourusername/poker-hand-evaluator/poker/hand.go:247.2,247.15 1 1
github.com/yourusername/poker-hand-evaluator/poker/hand.go:252.41,256.17 3 1
github.com/yourusername/poker-hand-evaluator/poker/hand.go:256.17,258.3 1 1
github.com/yourusername/poker-hand-evaluator/poker/hand.go:259.2,259.17 1 1
github.com/yourusername/poker-hand-evaluator/poker/hand.go:259.17,261.3 1 1
github.com/yourusername/poker-hand-evaluator/poker/hand.go:263.2,263.43 1 1
github.com/yourusername/poker-hand-evaluator/poker/hand.go:267.40,269.22 2 1
github.com/yourusername/poker-hand-evaluator/poker/hand.go:269.22,271.3 1 0
github.com/yourusername/poker-hand-evaluator/poker/hand.go:273.2,273.30 1 1
github.com/yourusername/poker-hand-evaluator/poker/hand.go:273.30,274.20 1 1
github.com/yourusername/poker-hand-evaluator/poker/hand.go:274.20,276.4 1 1
github.com/yourusername/poker-hand-evaluator/poker/hand.go:277.3,277.20 1 1
github.com/yourusername/poker-hand-evaluator/poker/hand.go:277.20,279.4 1 0
github.com/yourusername/poker-hand-evaluator/poker/hand.go:282.2,282.23 1 1
github.com/yourusername/poker-hand-evaluator/poker/hand.go:282.23,284.3 1 0
github.com/yourusername/poker-hand-evaluator/poker/hand.go:285.2,285.23 1 1
github.com/yourusername/poker-hand-evaluator/poker/hand.go:285.23,287.3 1 0
github.com/yourusername/poker-hand-evaluator/poker/hand.go:289.2,289.10 1 1
github.com/yourusername/poker-hand-evaluator/poker/hand.go:293.49,295.30 2 1
github.com/yourusername/poker-hand-evaluator/poker/hand.go:295.30,296.25 1 1
github.com/yourusername/poker-hand-evaluator/poker/hand.go:296.25,298.31 2 1
github.com/yourusername/poker-hand-evaluator/poker/hand.go:298.31,300.5 1 1
github.com/yourusername/poker-hand-evaluator/poker/hand.go:301.4,301.15 1 1
github.com/yourusername/poker-hand-evaluator/poker/hand.go:304.2,304.14 1 1
github.com/yourusername/poker-hand-evaluator/poker/hand.go:308.45,309.26 1 1
github.com/yourusername/poker-hand-evaluator/poker/hand.go:309.26,310.16 1 1
github.com/yourusername/poker-hand-evaluator/poker/hand.go:310.16,312.4 1 1
github.com/yourusername/poker-hand-evaluator/poker/hand.go:314.2,314.14 1 1
github.com/yourusername/poker-hand-evaluator/cmd/poker/main.go:10.13,11.22 1 0
github.com/yourusername/poker-hand-evaluator/cmd/poker/main.go:11.22,14.3 2 0
github.com/yourusername/poker-hand-evaluator/cmd/poker/main.go:16.2,18.17 2 0
github.com/yourusername/poker-hand-evaluator/cmd/poker/main.go:19.14,20.23 1 0
github.com/yourusername/poker-hand-evaluator/cmd/poker/main.go:20.23,24.4 3 0
github.com/yourusername/poker-hand-evaluator/cmd/poker/main.go:25.3,25.27 1 0
github.com/yourusername/poker-hand-evaluator/cmd/poker/main.go:27.17,28.23 1 0
github.com/yourusername/poker-hand-evaluator/cmd/poker/main.go:28.23,32.4 3 0
github.com/yourusername/poker-hand-evaluator/cmd/poker/main.go:33.3,33.39 1 0
github.com/yourusername/poker-hand-evaluator/cmd/poker/main.go:35.14,36.23 1 0
github.com/yourusername/poker-hand-evaluator/cmd/poker/main.go:36.23,40.4 3 0
github.com/yourusername/poker-hand-evaluator/cmd/poker/main.go:41.3,41.27 1 0
github.com/yourusername/poker-hand-evaluator/cmd/poker/main.go:43.10,45.15 2 0
github.com/yourusername/poker-hand-evaluator/cmd/poker/main.go:49.19,62.2 12 0
github.com/yourusername/poker-hand-evaluator/cmd/poker/main.go:64.35,66.16 2 0
github.com/yourusername/poker-hand-evaluator/cmd/poker/main.go:66.16,69.3 2 0
github.com/yourusername/poker-hand-evaluator/cmd/poker/main.go:71.2,75.28 5 0
github.com/yourusername/poker-hand-evaluator/cmd/poker/main.go:75.28,76.12 1 0
github.com/yourusername/poker-hand-evaluator/cmd/poker/main.go:76.12,78.4 1 0
github.com/yourusername/poker-hand-evaluator/cmd/poker/main.go:79.3,79.15 1 0
github.com/yourusername/poker-hand-evaluator/cmd/poker/main.go:81.2,81.15 1 0
github.com/yourusername/poker-hand-evaluator/cmd/poker/main.go:84.46,86.16 2 0
github.com/yourusername/poker-hand-evaluator/cmd/poker/main.go:86.16,89.3 2 0
github.com/yourusername/poker-hand-evaluator/cmd/poker/main.go:91.2,92.16 2 0
github.com/yourusername/poker-hand-evaluator/cmd/poker/main.go:92.16,95.3 2 0
github.com/yourusername/poker-hand-evaluator/cmd/poker/main.go:97.2,105.16 7 0
github.com/yourusername/poker-hand-evaluator/cmd/poker/main.go:106.9,107.43 1 0
github.com/yourusername/poker-hand-evaluator/cmd/poker/main.go:108.10,109.43 1 0
github.com/yourusername/poker-hand-evaluator/cmd/poker/main.go:110.9,111.40 1 0
github.com/yourusername/poker-hand-evaluator/cmd/poker/main.go:115.41,117.16 2 0
github.com/yourusername/poker-hand-evaluator/cmd/poker/main.go:117.16,120.3 2 0
github.com/yourusername/poker-hand-evaluator/cmd/poker/main.go:122.2,122.26 1 0
github.com/yourusername/poker-hand-evaluator/cmd/poker/main.go:122.26,125.3 2 0
github.com/yourusername/poker-hand-evaluator/cmd/poker/main.go:127.2,131.28 5 0
github.com/yourusername/poker-hand-evaluator/cmd/poker/main.go:131.28,132.12 1 0
github.com/yourusername/poker-hand-evaluator/cmd/poker/main.go:132.12,134.4 1 0
github.com/yourusername/poker-hand-evaluator/cmd/poker/main.go:135.3,135.15 1 0
github.com/yourusername/poker-hand-evaluator/cmd/poker/main.go:137.2,137.15 1 0
